(---------------------------------------------------------------------)
(                                                                     )
(    NC DRILL Log                                                     )
(                                                                     )
(    Drawing          : #Taaaaaa00900.tmp                             )
(    Software Version : 16.3p003                                      )
(    Date/Time        : Thu Nov 04 15:12:57 2010                      )
(                                                                     )
(---------------------------------------------------------------------)



 Processing NC Parameters file ...

 NC PARAMETERS
 -------------

 FORMAT   		2.3
 MACHINE-OFFSET		x:0.000000	y:0.000000
 FEEDRATE		1
 COORDINATES		ABSOLUTE
 OUTPUT-UNITS		ENGLISH
 TOOL-ORDER		INCREASING
 REPEAT-CODES		YES
 SUPPRESS-LEAD-ZEROES	NO
 SUPPRESS-TRAIL-ZEROES	NO
 SUPPRESS-EQUAL		NO
 TOOL-SELECT		YES
 HEADER			none
 LEADER			12
 CODE			ASCII
 SEPARATE		NO
 OPTIMIZE_DRILLING	NO
 ENHANCED_EXCELLON	YES
 SCALE			1.000000

 WARNING: Design precision is greater than that of the drill output file data.
          Data rounding errors are very possible.
 WARNING: Can't find tool file (nc_tools.txt)
          ... will auto-generate tool file (nc_tools_auto.txt)


     Auto-generating tool file nc_tools_auto.txt
     -------------------------------------------

           Size  Plating  Tool        + Tolerance  - Tolerance

           12.0  P        T01            2.000000     2.000000
           35.0  P        T02            2.000000     2.000000
           36.0  P        T03            3.000000     3.000000
           40.0  P        T04            3.000000     3.000000
           43.0  P        T05            3.000000     3.000000
           52.0  P        T06            3.000000     3.000000
           55.0  P        T07            3.000000     3.000000
           64.0  P        T08            2.000000     2.000000
          125.0  P        T09            3.000000     3.000000
           36.0  N        T10            2.000000     2.000000
           43.0  N        T11          118.100000   118.100000


 Drill files being output to directory 'C:/Documents and Settings/Administrador/Mis documentos/nacuri/ventilador/HW/Medical_Ventilator_VA,1' ...



     'Medical_Ventilator_VA-1-4.drl' created for holes connecting TOP and BOTTOM
     ---------------------------------------------------------------------------

     Tool  Num     Size      +/- Tolerance     Plating   Quantity

     T01    1.  12.0000    2.0000/  2.0000      PLATED         93
     T02    2.  35.0000    2.0000/  2.0000      PLATED          3
     T03    3.  36.0000    3.0000/  3.0000      PLATED          8
     T04    4.  40.0000    3.0000/  3.0000      PLATED         38
     T05    5.  43.0000    3.0000/  3.0000      PLATED         12
     T06    6.  52.0000    3.0000/  3.0000      PLATED         26
     T07    7.  55.0000    3.0000/  3.0000      PLATED          2
     T08    8.  64.0000    2.0000/  2.0000      PLATED          4
     T09    9. 125.0000    3.0000/  3.0000      PLATED          4
     T10   10.  36.0000    2.0000/  2.0000  NON_PLATED          2
     T11   11.  43.0000  118.1000/118.1000  NON_PLATED         12

     ---- Total holes:                                        204

     ---- Total head travel:              12.35 feet (3.76 meters)

